
h2cp

  Input file: /home/mcaprio/research/data/h2/run0164-ob-9/JISP16-ob-9-20.bin (binary)
  Mode: format 0, species 2
  Truncation: N1b 9, N2b 18
  Matrix size: PP/NN 1392314, PN 5568860

  Output file: tbme-VNN.bin (binary)
  Mode: format 0, species 2
  Truncation: N1b 2, N2b 2
  Matrix size: PP/NN 32, PN 110

....................................................................................................................
(Total time: 0.42)


h2cp

  Input file: /home/mcaprio/research/data/h2/run0164-ob-9/VC-ob-9-20.bin (binary)
  Mode: format 0, species 2
  Truncation: N1b 9, N2b 18
  Matrix size: PP/NN 1392314, PN 5568860

  Output file: tbme-VC.bin (binary)
  Mode: format 0, species 2
  Truncation: N1b 2, N2b 2
  Matrix size: PP/NN 32, PN 110

....................................................................................................................
(Total time: 0.421)


h2gen

Reading radial matrices /home/mcaprio/research/data/radial-basis-legacy/130704/radial-me-HO-r2.dat...
Reading radial matrices /home/mcaprio/research/data/radial-basis-legacy/130704/radial-me-HO-r1.dat...
Reading radial matrices /home/mcaprio/research/data/radial-basis-legacy/130704/radial-me-HO-k2.dat...
Reading radial matrices /home/mcaprio/research/data/radial-basis-legacy/130704/radial-me-HO-k1.dat...
Reading radial matrices /home/mcaprio/research/data/radial-basis-legacy/130704/radial-me-HO-r2.dat...
Reading radial matrices /home/mcaprio/research/data/radial-basis-legacy/130704/radial-me-HO-r1.dat...
Reading radial matrices /home/mcaprio/research/data/radial-basis-legacy/130704/radial-me-HO-k2.dat...
Reading radial matrices /home/mcaprio/research/data/radial-basis-legacy/130704/radial-me-HO-k1.dat...
  Output file: legacy-r2k2-r2.bin (binary)
  Mode: format 0, species 2
  Truncation: N1b 2, N2b 2
  Matrix size: PP/NN 32, PN 110
  Output file: legacy-r2k2-r1r2.bin (binary)
  Mode: format 0, species 2
  Truncation: N1b 2, N2b 2
  Matrix size: PP/NN 32, PN 110
  Output file: legacy-r2k2-k2.bin (binary)
  Mode: format 0, species 2
  Truncation: N1b 2, N2b 2
  Matrix size: PP/NN 32, PN 110
  Output file: legacy-r2k2-k1k2.bin (binary)
  Mode: format 0, species 2
  Truncation: N1b 2, N2b 2
  Matrix size: PP/NN 32, PN 110
................................................

(Total time: 0.046)


h2mixer


Parameter input

Input truncation: N1b 2 N2b 2
Output truncation: N1b 2 N2b 2
Scales:( Z 2 N 2) A 4 hw 20
Input basename (in#1-4): legacy-r2k2
Input filename (in#5): tbme-VNN
Input filename (in#6): tbme-VC
Output filename (out#1): tbme-H
Adding to (out#1): (in#3) * 2.5 <== Trel
Adding to (out#1): (in#4) * -5 <== Trel
Adding to (out#1): (in#3) * 0.833333 <== NCM(20) * 20
Adding to (out#1): (in#4) * 5 <== NCM(20) * 20
Adding to (out#1): (in#1) * 0.833333 <== NCM(20) * 20
Adding to (out#1): (in#2) * 5 <== NCM(20) * 20
Adding to (out#1): (Identity) * -5 <== NCM(20) * 20
Adding to (out#1): (in#5) * 1
Adding to (out#1): (in#6) * 20
Output filename (out#2): tbme-rrel2
Adding to (out#2): (in#1) * 0.129597 <== rrel2
Adding to (out#2): (in#2) * -0.259194 <== rrel2
Output filename (out#3): tbme-Ncm
Adding to (out#3): (in#3) * 0.0416667 <== NCM(20) * 1
Adding to (out#3): (in#4) * 0.25 <== NCM(20) * 1
Adding to (out#3): (in#1) * 0.0416667 <== NCM(20) * 1
Adding to (out#3): (in#2) * 0.25 <== NCM(20) * 1
Adding to (out#3): (Identity) * -0.25 <== NCM(20) * 1

Input initialization
  Input file: legacy-r2k2-r2.bin (binary)
  Mode: format 0, species 2
  Truncation: N1b 2, N2b 2
  Matrix size: PP/NN 32, PN 110
  Input file: legacy-r2k2-r1r2.bin (binary)
  Mode: format 0, species 2
  Truncation: N1b 2, N2b 2
  Matrix size: PP/NN 32, PN 110
  Input file: legacy-r2k2-k2.bin (binary)
  Mode: format 0, species 2
  Truncation: N1b 2, N2b 2
  Matrix size: PP/NN 32, PN 110
  Input file: legacy-r2k2-k1k2.bin (binary)
  Mode: format 0, species 2
  Truncation: N1b 2, N2b 2
  Matrix size: PP/NN 32, PN 110
  Input file: tbme-VNN.bin (binary)
  Mode: format 0, species 2
  Truncation: N1b 2, N2b 2
  Matrix size: PP/NN 32, PN 110
  Input file: tbme-VC.bin (binary)
  Mode: format 0, species 2
  Truncation: N1b 2, N2b 2
  Matrix size: PP/NN 32, PN 110

Output initialization
  Output file: tbme-H.bin (binary)
  Mode: format 0, species 2
  Truncation: N1b 2, N2b 2
  Matrix size: PP/NN 32, PN 110
  Output file: tbme-rrel2.bin (binary)
  Mode: format 0, species 2
  Truncation: N1b 2, N2b 2
  Matrix size: PP/NN 32, PN 110
  Output file: tbme-Ncm.bin (binary)
  Mode: format 0, species 2
  Truncation: N1b 2, N2b 2
  Matrix size: PP/NN 32, PN 110
........................

(Total time: 0)

