
moshinsky -- Moshinsky transformation of general relative operator
version: 0.0.3-97-g4b2dd81-dirty

Parameters
  rank 2 cutoff 2
Reading relative-cm operator file...
  Filename: dipole_Nmax02_relcm.dat
  Operator properties: J0 1 g0 1 T0_min 1 T0_max 1 symmetry 0
  Truncation: Nmax 2
  Matrix elements: 103
  Allocated: 103
  Time: 0.0012143
Scatter relative-cm LSJTN...
  Time: 0.000291186
  Allocated matrix elements: 103
Transform to two-body LSJTN...
  Time: 0.000451987
  Allocated matrix elements: 103
Recouple to two-body JJJTN...
  Time: 0.00264225
Gather to two-body JJJT...
  Time: 0.000166076
Branch to two-body JJJPN and write to file...
  File: dipole_Nmax02_h2v15099.dat
  Format: 15099 (text)
  Operator properties: J0 1 g0 1 Tz0 0
  Orbitals: p 6 n 6 (oscillator-like true)
  Truncation: p 2.0000 n 2.0000 pp 2.0000 nn 2.0000 pn 2.0000
  Sectors: pp 7 nn 7 pn 7 => total 21
  Matrix elements: pp 33 nn 33 pn 140 => total 206
.....................
  Time: 0.00360679
Total run time: 0.00890831
