
moshinsky -- Moshinsky transformation of general relative operator
version: 0.0.3-70-g6d282c0-dirty

Parameters
  rank 2 cutoff 2
Reading relative operator file...
  Filename: ../../../relative/example/dipole/dipole_Nmax02_rel.dat
  Operator properties: J0 1 g0 1 T0_min 1 T0_max 1 symmetry 0
  Truncation: Nmax 2 Jmax 3
  Matrix elements: 19
  Allocated: 19
  Time: 0.000103232
Augment to relative-cm LSJTN...
  Time: 9.6718e-05
  Allocated matrix elements: 103
Gather relative-cm LSJT...
  Time: 3.4323e-05
Write relative-cm LSJT...
Writing relative-cm operator file...
  Filename: dipole_Nmax02_relcm.dat
  Operator properties: J0 1 g0 1 T0_min 1 T0_max 1 symmetry 0
  Truncation: Nmax 2
  Time: 0.000594647
