
moshinsky -- Moshinsky transformation of general relative operator
version: 0.0.1-1-g5f42aeb

Parameters
  rank 2 cutoff 2
Read relative operator...
  J0 2 g0 0 T0_min 0 T0_max 0 symmetry 0
  Nmax 2 Jmax 3
  Allocated matrix elements: 24
Augment to relative-cm LSJTN...
  Time: 0.000124282
  Allocated matrix elements: 140
Transform to two-body LSJTN...
  Time: 8.8859e-05
  Allocated matrix elements: 140
Recouple to two-body JJJTN...
  Time: 0.00093313
Gather to two-body JJJT...
  Time: 2.8467e-05
Branch to two-body JJJPN...
  Time: 7.6851e-05
Output stream
  File: quadrupole_Nmax02_h2v15099.dat
  Format: 15099 (text)
  Operator properties: J0 2 g0 0 Tz0 0
  Orbitals: p 6 n 6 (oscillator-like true)
  Truncation: p 2.0000 n 2.0000 pp 2.0000 nn 2.0000 pn 2.0000
  Sectors: pp 11 nn 11 pn 11 => total 33
  Matrix elements: pp 59 nn 59 pn 250 => total 368

.................................
