
moshinsky -- Moshinsky transformation of general relative operator
version: 0.0.3-91-g01b0314-dirty

Parameters
  rank 2 cutoff 4
Reading relative operator file...
  Filename: quadrupole_Nmax06_total_rel.dat
  Operator properties: J0 2 g0 0 T0_min 0 T0_max 0 symmetry 0
  Truncation: Nmax 6 Jmax 7
  Matrix elements: 333
  Allocated: 368
  Time: 0.000773702
Augment to relative-cm LSJTN...
  Time: 0.0028669
  Allocated matrix elements: 3294
Transform to two-body LSJTN...
  Time: 0.00147189
  Allocated matrix elements: 3294
Recouple to two-body JJJTN...
  Time: 0.00320395
Gather to two-body JJJT...
  Time: 0.000472721
Branch to two-body JJJPN...
  Time: 0.00139464
Output stream
  File: quadrupole_Nmax04_total_h2v15200.dat
  Format: 15200 (text)
  Operator properties: J0 2 g0 0 Tz0 0
  Orbitals: p 15 n 15 (oscillator-like true)
  Truncation: p 4.0000 n 4.0000 pp 4.0000 nn 4.0000 pn 4.0000
  Sectors: pp 23 nn 23 pn 23 => total 69
  Matrix elements: pp 1518 nn 1518 pn 6224 => total 9260

.....................................................................
