
moshinsky -- Moshinsky transformation of general relative operator
version: 0.1.1-0-g5a533c7

Parameters
  rank 2 cutoff 4
Reading relative operator file...
  Filename: quadrupole_Nmax06_total_rel.dat
  Operator properties: J0 2 g0 0 T0_min 0 T0_max 0 symmetry 0
  Truncation: Nmax 6 Jmax 7
  Matrix elements: 333
  Allocated: 368
  Time: 0.000688222
Augment to relative-cm LSJTN...
  Time: 0.00201839
  Allocated matrix elements: 3294
Transform to two-body LSJTN...
  Time: 0.00144364
  Allocated matrix elements: 3294
Recouple to two-body JJJTN...
  Time: 0.00342079
Gather to two-body JJJT...
  Time: 0.000485109
Branch to two-body JJJPN and write to file...
  File: quadrupole_Nmax04_total_h2v15200.bin
  Format: 15200 (binary)
  Operator properties: J0 2 g0 0 Tz0 0
  Orbitals: p 15 n 15 (oscillator-like true)
  Truncation: p 4.0000 n 4.0000 pp 4.0000 nn 4.0000 pn 4.0000
  Sectors: pp 23 nn 23 pn 23 => total 69
  Matrix elements: pp 1518 nn 1518 pn 6224 => total 9260
.....................................................................
  Time: 0.00194314
Total run time: 0.0102862
