
moshinsky -- Moshinsky transformation of general relative operator
version: 0.0.3-97-g4b2dd81-dirty

Parameters
  rank 2 cutoff 2
Reading relative-cm operator file...
  Filename: quadrupole_Nmax02_relcm.dat
  Operator properties: J0 2 g0 0 T0_min 0 T0_max 0 symmetry 0
  Truncation: Nmax 2
  Matrix elements: 135
  Allocated: 142
  Time: 0.00498858
Scatter relative-cm LSJTN...
  Time: 0.000117039
  Allocated matrix elements: 140
Transform to two-body LSJTN...
  Time: 0.000212197
  Allocated matrix elements: 140
Recouple to two-body JJJTN...
  Time: 0.00123236
Gather to two-body JJJT...
  Time: 8.0918e-05
Branch to two-body JJJPN and write to file...
  File: quadrupole_Nmax02_h2v15099.dat
  Format: 15099 (text)
  Operator properties: J0 2 g0 0 Tz0 0
  Orbitals: p 6 n 6 (oscillator-like true)
  Truncation: p 2.0000 n 2.0000 pp 2.0000 nn 2.0000 pn 2.0000
  Sectors: pp 11 nn 11 pn 11 => total 33
  Matrix elements: pp 59 nn 59 pn 250 => total 368
.................................
  Time: 0.00329033
Total run time: 0.0101831
