
moshinsky -- Moshinsky transformation of general relative operator
version: 0.0.3-70-g6d282c0-dirty

Parameters
  rank 2 cutoff 2
Reading relative operator file...
  Filename: ../../../relative/example/quadrupole/quadrupole_Nmax02_rel.dat
  Operator properties: J0 2 g0 0 T0_min 0 T0_max 0 symmetry 0
  Truncation: Nmax 2 Jmax 3
  Matrix elements: 23
  Allocated: 24
  Time: 0.000130909
Augment to relative-cm LSJTN...
  Time: 0.000152061
  Allocated matrix elements: 140
Gather relative-cm LSJT...
  Time: 4.6991e-05
Write relative-cm LSJT...
Writing relative-cm operator file...
  Filename: quadrupole_Nmax02_relcm.dat
  Operator properties: J0 2 g0 0 T0_min 0 T0_max 0 symmetry 0
  Truncation: Nmax 2
  Time: 0.000912297
