
moshinsky -- Moshinsky transformation of general relative operator
version: 0.1.1-0-g5a533c7

Parameters
  rank 2 cutoff 2
Reading relative-cm operator file...
  Filename: quadrupole-1_Nmax02_relcm.dat
  Operator properties: J0 2 g0 0 T0_min 1 T0_max 1 symmetry 0
  Truncation: Nmax 2
  Matrix elements: 174
  Allocated: 175
  Time: 0.000512723
Scatter relative-cm LSJTN...
  Time: 9.1917e-05
  Allocated matrix elements: 175
Transform to two-body LSJTN...
  Time: 0.000166426
  Allocated matrix elements: 175
Recouple to two-body JJJTN...
  Time: 0.000997868
Gather to two-body JJJT...
  Time: 5.534e-05
Branch to two-body JJJPN and write to file...
  File: quadrupole-1_Nmax02_h2v15099.dat
  Format: 15099 (text)
  Operator properties: J0 2 g0 0 Tz0 0
  Orbitals: p 6 n 6 (oscillator-like true)
  Truncation: p 2.0000 n 2.0000 pp 2.0000 nn 2.0000 pn 2.0000
  Sectors: pp 11 nn 11 pn 11 => total 33
  Matrix elements: pp 59 nn 59 pn 250 => total 368
.................................
  Time: 0.00178118
Total run time: 0.00376413
