
moshinsky -- Moshinsky transformation of general relative operator
version: dc0b24d-dirty

Parameters
  rank 2 cutoff 2
Read relative operator...
  J0 1 g0 0 T0_min 0 T0_max 2 symmetry 0
  Nmax 2 Jmax 3
  Allocated matrix elements: 19 19 5
Augment to relative-cm LSJTN...
  Time: 0.000769611
  Allocated matrix elements: 126 170 54
Transform to two-body LSJTN...
  Time: 0.000537462
  Allocated matrix elements: 126 170 54
Recouple to two-body JJJTN...
  Time: 0.0133187
Gather to two-body JJJT...
  Time: 9.7891e-05
Branch to two-body JJJPN...
  Time: 0.000246236
Output stream
  File: spin-am_Nmax02_total_h2v15099.dat
  Format: 15099 (text)
  Operator properties: J0 1 g0 0 Tz0 0
  Orbitals: p 6 n 6 (oscillator-like true)
  Truncation: p 2.0000 n 2.0000 pp 2.0000 nn 2.0000 pn 2.0000
  Sectors: pp 10 nn 10 pn 10 => total 30
  Matrix elements: pp 53 nn 53 pn 237 => total 343

..............................
