
moshinsky -- Moshinsky transformation of general relative operator
version: 0.0.1-1-g5f42aeb-dirty

Parameters
  rank 2 cutoff 2
Read relative operator...
  J0 1 g0 0 T0_min 1 T0_max 1 symmetry 0
  Nmax 2 Jmax 3
  Allocated matrix elements: 19
Augment to relative-cm LSJTN...
  Time: 0.000185198
  Allocated matrix elements: 170
Transform to two-body LSJTN...
  Time: 0.000117515
  Allocated matrix elements: 170
Recouple to two-body JJJTN...
  Time: 0.000829487
Gather to two-body JJJT...
  Time: 3.5548e-05
Branch to two-body JJJPN...
  Time: 9.4601e-05
Output stream
  File: spin-am-1_Nmax02_h2v15099.dat
  Format: 15099 (text)
  Operator properties: J0 1 g0 0 Tz0 0
  Orbitals: p 6 n 6 (oscillator-like true)
  Truncation: p 2.0000 n 2.0000 pp 2.0000 nn 2.0000 pn 2.0000
  Sectors: pp 10 nn 10 pn 10 => total 30
  Matrix elements: pp 53 nn 53 pn 237 => total 343

..............................
