
moshinsky -- Moshinsky transformation of general relative operator
version: 0.0.3-97-g4b2dd81-dirty

Parameters
  rank 2 cutoff 2
Reading relative operator file...
  Filename: spin-am_Nmax02_rel.dat
  Operator properties: J0 1 g0 0 T0_min 0 T0_max 0 symmetry 0
  Truncation: Nmax 2 Jmax 3
  Matrix elements: 18
  Allocated: 19
  Time: 0.000158114
Augment to relative-cm LSJTN...
  Time: 0.000184752
  Allocated matrix elements: 126
Transform to two-body LSJTN...
  Time: 0.000153642
  Allocated matrix elements: 126
Recouple to two-body JJJTN...
  Time: 0.00111797
Gather to two-body JJJT...
  Time: 6.4014e-05
Branch to two-body JJJPN and write to file...
  File: spin-am_Nmax02_h2v15099.dat
  Format: 15099 (text)
  Operator properties: J0 1 g0 0 Tz0 0
  Orbitals: p 6 n 6 (oscillator-like true)
  Truncation: p 2.0000 n 2.0000 pp 2.0000 nn 2.0000 pn 2.0000
  Sectors: pp 10 nn 10 pn 10 => total 30
  Matrix elements: pp 53 nn 53 pn 237 => total 343
..............................
  Time: 0.00241975
Total run time: 0.00428117
