
moshinsky -- Moshinsky transformation of general relative operator
version: 0.0.3-97-g4b2dd81-dirty

Parameters
  rank 2 cutoff 2
Reading relative operator file...
  Filename: isospin_Nmax02_rel.dat
  Operator properties: J0 0 g0 0 T0_min 1 T0_max 1 symmetry 0
  Truncation: Nmax 2 Jmax 3
  Matrix elements: 9
  Allocated: 10
  Time: 9.5585e-05
Augment to relative-cm LSJTN...
  Time: 9.0067e-05
  Allocated matrix elements: 76
Transform to two-body LSJTN...
  Time: 9.6105e-05
  Allocated matrix elements: 76
Recouple to two-body JJJTN...
  Time: 0.000809872
Gather to two-body JJJT...
  Time: 4.1005e-05
Branch to two-body JJJPN and write to file...
  File: isospin-0_Nmax02_h2v15099.dat
  Format: 15200 (text)
  Operator properties: J0 0 g0 0 Tz0 0
  Orbitals: p 6 n 6 (oscillator-like true)
  Truncation: p 2.0000 n 2.0000 pp 2.0000 nn 2.0000 pn 2.0000
  Sectors: pp 7 nn 7 pn 7 => total 21
  Matrix elements: pp 32 nn 32 pn 110 => total 174
.....................
  Time: 0.00129798
Total run time: 0.00257533
