
moshinsky -- Moshinsky transformation of general relative operator
version: 0.0.3-70-g6d282c0-dirty

Parameters
  rank 2 cutoff 2
Reading relative operator file...
  Filename: ../../../relative/example/coulomb/coulomb_Nmax02_p_rel.dat
  Operator properties: J0 0 g0 0 T0_min 0 T0_max 2 symmetry 0
  Truncation: Nmax 2 Jmax 3
  Matrix elements: 16 9 7
  Allocated: 18 10 8
  Time: 0.000148872
Augment to relative-cm LSJTN...
  Time: 0.000162104
  Allocated matrix elements: 74 76 34
Gather relative-cm LSJT...
  Time: 6.6781e-05
Write relative-cm LSJT...
Writing relative-cm operator file...
  Filename: coulomb_Nmax02_p_relcm.dat
  Operator properties: J0 0 g0 0 T0_min 0 T0_max 2 symmetry 0
  Truncation: Nmax 2
  Time: 0.00156405
