
moshinsky -- Moshinsky transformation of general relative operator
version: 0.0.3-97-g4b2dd81-dirty

Parameters
  rank 2 cutoff 2
Reading relative-cm operator file...
  Filename: orbital-am-1_Nmax02_relcm.dat
  Operator properties: J0 1 g0 0 T0_min 1 T0_max 1 symmetry 0
  Truncation: Nmax 2
  Matrix elements: 169
  Allocated: 170
  Time: 0.0079946
Scatter relative-cm LSJTN...
  Time: 0.000321634
  Allocated matrix elements: 170
Transform to two-body LSJTN...
  Time: 0.000539874
  Allocated matrix elements: 170
Recouple to two-body JJJTN...
  Time: 0.0029021
Gather to two-body JJJT...
  Time: 0.000202002
Branch to two-body JJJPN and write to file...
  File: orbital-am-1_Nmax02_h2v15099.dat
  Format: 15099 (text)
  Operator properties: J0 1 g0 0 Tz0 0
  Orbitals: p 6 n 6 (oscillator-like true)
  Truncation: p 2.0000 n 2.0000 pp 2.0000 nn 2.0000 pn 2.0000
  Sectors: pp 10 nn 10 pn 10 => total 30
  Matrix elements: pp 53 nn 53 pn 237 => total 343
..............................
  Time: 0.00748367
Total run time: 0.0200561
