
moshinsky -- Moshinsky transformation of general relative operator
version: 0.0.3-70-g6d282c0-dirty

Parameters
  rank 2 cutoff 2
Reading relative operator file...
  Filename: ../../../relative/example/am/orbital-am-1_Nmax02_rel.dat
  Operator properties: J0 1 g0 0 T0_min 1 T0_max 1 symmetry 0
  Truncation: Nmax 2 Jmax 3
  Matrix elements: 19
  Allocated: 19
  Time: 0.00026205
Augment to relative-cm LSJTN...
  Time: 0.000395413
  Allocated matrix elements: 170
Gather relative-cm LSJT...
  Time: 0.00013497
Write relative-cm LSJT...
Writing relative-cm operator file...
  Filename: orbital-am-1_Nmax02_relcm.dat
  Operator properties: J0 1 g0 0 T0_min 1 T0_max 1 symmetry 0
  Truncation: Nmax 2
  Time: 0.00256471
