
h2mixer -- MFDn H2 file generation

Parallelization: max_threads 4, num_procs 4

Input stream (direct) -- VNN
  File: run0164-JISP16-tb-20/JISP16-tb-20-20.bin
  Format: 0 (binary)
  Operator properties: J0 0 g0 0 Tz0 0
  Orbitals: p 231 n 231 (oscillator-like true)
  Truncation: p 20.0000 n 20.0000 pp 20.0000 nn 20.0000 pn 20.0000
  Sectors: pp 43 nn 43 pn 43 => total 129
  Matrix elements: pp 14832103 nn 14832103 pn 59350720 => total 89014926

Output stream
  File: jisp16_Nmax02_h2v15099.bin
  Format: 15099 (binary)
  Operator properties: J0 0 g0 0 Tz0 0
  Orbitals: p 6 n 6 (oscillator-like true)
  Truncation: p 2.0000 n 2.0000 pp 2.0000 nn 2.0000 pn 2.0000
  Sectors: pp 7 nn 7 pn 7 => total 21
  Matrix elements: pp 32 nn 32 pn 110 => total 174

.....................
(Total time: 2.2)

