
moshinsky -- Moshinsky transformation of general relative operator
version: 0.0.3-97-g4b2dd81-dirty

Parameters
  rank 2 cutoff 2
Reading relative operator file...
  Filename: ksqr-1_Nmax02_rel.dat
  Operator properties: J0 0 g0 0 T0_min 1 T0_max 1 symmetry 0
  Truncation: Nmax 2 Jmax 3
  Matrix elements: 9
  Allocated: 10
  Time: 0.000536954
Augment to relative-cm LSJTN...
  Time: 0.000425688
  Allocated matrix elements: 76
Transform to two-body LSJTN...
  Time: 0.000506661
  Allocated matrix elements: 76
Recouple to two-body JJJTN...
  Time: 0.00296461
Gather to two-body JJJT...
  Time: 0.000154267
Branch to two-body JJJPN and write to file...
  File: ksqr-1_Nmax02_h2v15099.dat
  Format: 15099 (text)
  Operator properties: J0 0 g0 0 Tz0 0
  Orbitals: p 6 n 6 (oscillator-like true)
  Truncation: p 2.0000 n 2.0000 pp 2.0000 nn 2.0000 pn 2.0000
  Sectors: pp 7 nn 7 pn 7 => total 21
  Matrix elements: pp 32 nn 32 pn 110 => total 174
.....................
  Time: 0.00549469
Total run time: 0.010679
