
moshinsky -- Moshinsky transformation of general relative operator
version: 0.0.1-1-g5f42aeb-dirty

Parameters
  rank 2 cutoff 2
Read relative operator...
  J0 0 g0 0 T0_min 1 T0_max 1 symmetry 0
  Nmax 2 Jmax 3
  Allocated matrix elements: 10
Augment to relative-cm LSJTN...
  Time: 7.9229e-05
  Allocated matrix elements: 76
Transform to two-body LSJTN...
  Time: 7.6303e-05
  Allocated matrix elements: 76
Recouple to two-body JJJTN...
  Time: 0.000761242
Gather to two-body JJJT...
  Time: 2.1052e-05
Branch to two-body JJJPN...
  Time: 5.9837e-05
Output stream
  File: rsqr-1_Nmax02_h2v15099.dat
  Format: 15099 (text)
  Operator properties: J0 0 g0 0 Tz0 0
  Orbitals: p 6 n 6 (oscillator-like true)
  Truncation: p 2.0000 n 2.0000 pp 2.0000 nn 2.0000 pn 2.0000
  Sectors: pp 7 nn 7 pn 7 => total 21
  Matrix elements: pp 32 nn 32 pn 110 => total 174

.....................
