Parameters
    n_nz 2.070e+11
    D 1.870e+08
    n_lan 1000
    n_v 30

Size range (Gb)
    0.333..1.333

depth 1
     n_d    n_p  m1 (Gb)  m2 (Gb)   m (Gb)
    ---- ------  -------  -------  -------
      65   2145    1.044    1.003    1.044
      75   2850    0.786    0.828    0.828
      85   3655    0.613    0.703    0.703
      95   4560    0.491    0.609    0.609
     105   5565    0.402    0.537    0.537
     115   6670    0.336    0.479    0.479
     125   7875    0.284    0.432    0.432
     135   9180    0.244    0.394    0.394
     145  10585    0.212    0.361    0.361
     155  12090    0.185    0.333    0.333

depth 6
     n_d    n_p  m1 (Gb)  m2 (Gb)   m (Gb)
    ---- ------  -------  -------  -------
      25    325    1.148    0.674    1.148
      27    378    0.987    0.598    0.987
      29    435    0.858    0.536    0.858
      31    496    0.752    0.484    0.752
      33    561    0.665    0.440    0.665
      35    630    0.592    0.403    0.592
      37    703    0.531    0.371    0.531
      39    780    0.478    0.343    0.478
      41    861    0.433    0.319    0.433
      43    946    0.394    0.298    0.394
      45   1035    0.361    0.279    0.361

