
moshinsky -- Moshinsky transformation of general relative operator
version: 0.0.3-97-g4b2dd81-dirty

Parameters
  rank 2 cutoff 2
Reading relative operator file...
  Filename: coulomb_Nmax02_p_rel.dat
  Operator properties: J0 0 g0 0 T0_min 0 T0_max 2 symmetry 0
  Truncation: Nmax 2 Jmax 3
  Matrix elements: 16 9 7
  Allocated: 18 10 8
  Time: 0.00642295
Augment to relative-cm LSJTN...
  Time: 0.000590885
  Allocated matrix elements: 74 76 34
Transform to two-body LSJTN...
  Time: 0.000547921
  Allocated matrix elements: 74 76 34
Recouple to two-body JJJTN...
  Time: 0.00332895
Gather to two-body JJJT...
  Time: 0.000217958
Branch to two-body JJJPN and write to file...
  File: coulomb_Nmax02_p_h2v15099.dat
  Format: 15099 (text)
  Operator properties: J0 0 g0 0 Tz0 0
  Orbitals: p 6 n 6 (oscillator-like true)
  Truncation: p 2.0000 n 2.0000 pp 2.0000 nn 2.0000 pn 2.0000
  Sectors: pp 7 nn 7 pn 7 => total 21
  Matrix elements: pp 32 nn 32 pn 110 => total 174
.....................
  Time: 0.00399228
Total run time: 0.0156243
