Parameters
  rank 2 cutoff 2
Read relative operator...
  J0 2 g0 0 T0_min 0 T0_max 2 symmetry 0
  Nmax 6 Jmax 7
  Allocated matrix elements: 368 314 151
Augment to relative-cm LSJTN...
  Time: 0
  Allocated matrix elements: 140 175 60
Transform to two-body LSJTN...
  Time: 0.016
  Allocated matrix elements: 140 175 60
Recouple to two-body JJJTN...
  Time: 0
Gather to two-body JJJT...
  Time: 0
Branch to two-body JJJPN...
  Time: 0
Output stream
  File: quadrupole_Nmax02_total_h2v15099.dat
  Format: 15099 (text)
  Operator properties: J0 2 g0 0 Tz0 0
  Orbitals: p 6 n 6 (oscillator-like true)
  Truncation: p 2.0000 n 2.0000 pp 2.0000 nn 2.0000 pn 2.0000
  Sectors: pp 11 nn 11 pn 11 => total 33
  Matrix elements: pp 59 nn 59 pn 250 => total 368

.................................
