
moshinsky -- Moshinsky transformation of general relative operator
version: 0.0.3-97-g4b2dd81-dirty

Parameters
  rank 2 cutoff 2
Reading relative operator file...
  Filename: jisp16_Nmax20_hw20.0_rel.dat
  Operator properties: J0 0 g0 0 T0_min 0 T0_max 0 symmetry 0
  Truncation: Nmax 20 Jmax 4
  Matrix elements: 1285
  Allocated: 2035
  Time: 0.00156386
Augment to relative-cm LSJTN...
  Time: 9.811e-05
  Allocated matrix elements: 74
Transform to two-body LSJTN...
  Time: 9.8058e-05
  Allocated matrix elements: 74
Recouple to two-body JJJTN...
  Time: 0.000820026
Gather to two-body JJJT...
  Time: 3.8384e-05
Branch to two-body JJJPN and write to file...
  File: jisp16_Nmax02_hw20.0_h2v15099.dat
  Format: 15099 (text)
  Operator properties: J0 0 g0 0 Tz0 0
  Orbitals: p 6 n 6 (oscillator-like true)
  Truncation: p 2.0000 n 2.0000 pp 2.0000 nn 2.0000 pn 2.0000
  Sectors: pp 7 nn 7 pn 7 => total 21
  Matrix elements: pp 32 nn 32 pn 110 => total 174
.....................
  Time: 0.000934803
Total run time: 0.00368749
