
jpvstat  -- JPV relative file sector summary
version: 

Reading relative operator file (JPV format)...
  Filename: Vrel_JISP16_bare_Jmax4.hw20
  Input sector (raw labels): J 0 S 0 L 0 Lp 0 ipcut 61 dimension 120 mn 938.92 hw 20 ident 0
    After transposition to upper triangle: (Lp,L)=(0,0) flip 0
    Input sector properties: expected m.e. 7260 nmax 119 Nmax_bra 238 Nmax_ket 238
    Subspace labels: bra [ 0 0 0 1 0 ] (dimension 50) ket [ 0 0 0 1 0 ]  (dimension 50)
    Sector storage: sector_index 0 subspace_index_bra 0 subspace_index_ket 0 entries 2550
  Input sector (raw labels): J 1 S 1 L 0 Lp 0 ipcut 61 dimension 120 mn 938.92 hw 20 ident 0
    After transposition to upper triangle: (Lp,L)=(0,0) flip 0
    Input sector properties: expected m.e. 7260 nmax 119 Nmax_bra 238 Nmax_ket 238
    Subspace labels: bra [ 0 1 1 0 0 ] (dimension 50) ket [ 0 1 1 0 0 ]  (dimension 50)
    Sector storage: sector_index 1 subspace_index_bra 1 subspace_index_ket 1 entries 2550
  Input sector (raw labels): J 1 S 1 L 0 Lp 2 ipcut 61 dimension 120 mn 938.92 hw 20 ident 0
    After transposition to upper triangle: (Lp,L)=(0,2) flip 1
    Input sector properties: expected m.e. 7260 nmax 119 Nmax_bra 238 Nmax_ket 240
    Subspace labels: bra [ 0 1 1 0 0 ] (dimension 50) ket [ 2 1 1 0 0 ]  (dimension 49)
    Sector storage: sector_index 2 subspace_index_bra 1 subspace_index_ket 7 entries 2450
  Input sector (raw labels): J 1 S 1 L 2 Lp 0 ipcut 61 dimension 120 mn 938.92 hw 20 ident 0
    After transposition to upper triangle: (Lp,L)=(0,2) flip 0
    Input sector properties: expected m.e. 7260 nmax 119 Nmax_bra 238 Nmax_ket 240
    Subspace labels: bra [ 0 1 1 0 0 ] (dimension 50) ket [ 2 1 1 0 0 ]  (dimension 49)
    Sector storage: sector_index 2 subspace_index_bra 1 subspace_index_ket 7 entries 2450
  Input sector (raw labels): J 1 S 1 L 2 Lp 2 ipcut 61 dimension 120 mn 938.92 hw 20 ident 0
    After transposition to upper triangle: (Lp,L)=(2,2) flip 0
    Input sector properties: expected m.e. 7260 nmax 119 Nmax_bra 240 Nmax_ket 240
    Subspace labels: bra [ 2 1 1 0 0 ] (dimension 49) ket [ 2 1 1 0 0 ]  (dimension 49)
    Sector storage: sector_index 9 subspace_index_bra 7 subspace_index_ket 7 entries 2450
  Input sector (raw labels): J 2 S 1 L 1 Lp 1 ipcut 61 dimension 119 mn 938.92 hw 20 ident 0
    After transposition to upper triangle: (Lp,L)=(1,1) flip 0
    Input sector properties: expected m.e. 7140 nmax 118 Nmax_bra 237 Nmax_ket 237
    Subspace labels: bra [ 1 1 2 1 1 ] (dimension 50) ket [ 1 1 2 1 1 ]  (dimension 50)
    Sector storage: sector_index 6 subspace_index_bra 5 subspace_index_ket 5 entries 2550
  Input sector (raw labels): J 2 S 1 L 1 Lp 3 ipcut 61 dimension 119 mn 938.92 hw 20 ident 0
    After transposition to upper triangle: (Lp,L)=(1,3) flip 1
    Input sector properties: expected m.e. 7140 nmax 118 Nmax_bra 237 Nmax_ket 239
    Subspace labels: bra [ 1 1 2 1 1 ] (dimension 50) ket [ 3 1 2 1 1 ]  (dimension 49)
    Sector storage: sector_index 7 subspace_index_bra 5 subspace_index_ket 11 entries 2450
  Input sector (raw labels): J 2 S 1 L 3 Lp 1 ipcut 61 dimension 119 mn 938.92 hw 20 ident 0
    After transposition to upper triangle: (Lp,L)=(1,3) flip 0
    Input sector properties: expected m.e. 7140 nmax 118 Nmax_bra 237 Nmax_ket 239
    Subspace labels: bra [ 1 1 2 1 1 ] (dimension 50) ket [ 3 1 2 1 1 ]  (dimension 49)
    Sector storage: sector_index 7 subspace_index_bra 5 subspace_index_ket 11 entries 2450
  Input sector (raw labels): J 2 S 1 L 3 Lp 3 ipcut 61 dimension 119 mn 938.92 hw 20 ident 0
    After transposition to upper triangle: (Lp,L)=(3,3) flip 0
    Input sector properties: expected m.e. 7140 nmax 118 Nmax_bra 239 Nmax_ket 239
    Subspace labels: bra [ 3 1 2 1 1 ] (dimension 49) ket [ 3 1 2 1 1 ]  (dimension 49)
    Sector storage: sector_index 14 subspace_index_bra 11 subspace_index_ket 11 entries 2450
  Input sector (raw labels): J 3 S 1 L 2 Lp 2 ipcut 61 dimension 119 mn 938.92 hw 20 ident 0
    After transposition to upper triangle: (Lp,L)=(2,2) flip 0
    Input sector properties: expected m.e. 7140 nmax 118 Nmax_bra 238 Nmax_ket 238
    Subspace labels: bra [ 2 1 3 0 0 ] (dimension 49) ket [ 2 1 3 0 0 ]  (dimension 49)
    Sector storage: sector_index 11 subspace_index_bra 9 subspace_index_ket 9 entries 2450
  Input sector (raw labels): J 3 S 1 L 2 Lp 4 ipcut 61 dimension 119 mn 938.92 hw 20 ident 0
    After transposition to upper triangle: (Lp,L)=(2,4) flip 1
    Input sector properties: expected m.e. 7140 nmax 118 Nmax_bra 238 Nmax_ket 240
    Subspace labels: bra [ 2 1 3 0 0 ] (dimension 49) ket [ 4 1 3 0 0 ]  (dimension 48)
    Sector storage: sector_index 12 subspace_index_bra 9 subspace_index_ket 15 entries 2352
  Input sector (raw labels): J 3 S 1 L 4 Lp 2 ipcut 61 dimension 119 mn 938.92 hw 20 ident 0
    After transposition to upper triangle: (Lp,L)=(2,4) flip 0
    Input sector properties: expected m.e. 7140 nmax 118 Nmax_bra 238 Nmax_ket 240
    Subspace labels: bra [ 2 1 3 0 0 ] (dimension 49) ket [ 4 1 3 0 0 ]  (dimension 48)
    Sector storage: sector_index 12 subspace_index_bra 9 subspace_index_ket 15 entries 2352
  Input sector (raw labels): J 3 S 1 L 4 Lp 4 ipcut 61 dimension 119 mn 938.92 hw 20 ident 0
    After transposition to upper triangle: (Lp,L)=(4,4) flip 0
    Input sector properties: expected m.e. 7140 nmax 118 Nmax_bra 240 Nmax_ket 240
    Subspace labels: bra [ 4 1 3 0 0 ] (dimension 48) ket [ 4 1 3 0 0 ]  (dimension 48)
    Sector storage: sector_index 19 subspace_index_bra 15 subspace_index_ket 15 entries 2352
  Input sector (raw labels): J 3 S 0 L 3 Lp 3 ipcut 61 dimension 118 mn 938.92 hw 20 ident 0
    After transposition to upper triangle: (Lp,L)=(3,3) flip 0
    Input sector properties: expected m.e. 7021 nmax 117 Nmax_bra 237 Nmax_ket 237
    Subspace labels: bra [ 3 0 3 0 1 ] (dimension 49) ket [ 3 0 3 0 1 ]  (dimension 49)
    Sector storage: sector_index 13 subspace_index_bra 10 subspace_index_ket 10 entries 2450
  Input sector (raw labels): J 3 S 1 L 3 Lp 3 ipcut 61 dimension 118 mn 938.92 hw 20 ident 0
    After transposition to upper triangle: (Lp,L)=(3,3) flip 0
    Input sector properties: expected m.e. 7021 nmax 117 Nmax_bra 237 Nmax_ket 237
    Subspace labels: bra [ 3 1 3 1 1 ] (dimension 49) ket [ 3 1 3 1 1 ]  (dimension 49)
    Sector storage: sector_index 15 subspace_index_bra 12 subspace_index_ket 12 entries 2450
  Input sector (raw labels): J 1 S 1 L 1 Lp 1 ipcut 61 dimension 119 mn 938.92 hw 20 ident 0
    After transposition to upper triangle: (Lp,L)=(1,1) flip 0
    Input sector properties: expected m.e. 7140 nmax 118 Nmax_bra 237 Nmax_ket 237
    Subspace labels: bra [ 1 1 1 1 1 ] (dimension 50) ket [ 1 1 1 1 1 ]  (dimension 50)
    Sector storage: sector_index 5 subspace_index_bra 4 subspace_index_ket 4 entries 2550
  Input sector (raw labels): J 0 S 1 L 1 Lp 1 ipcut 61 dimension 119 mn 938.92 hw 20 ident 0
    After transposition to upper triangle: (Lp,L)=(1,1) flip 0
    Input sector properties: expected m.e. 7140 nmax 118 Nmax_bra 237 Nmax_ket 237
    Subspace labels: bra [ 1 1 0 1 1 ] (dimension 50) ket [ 1 1 0 1 1 ]  (dimension 50)
    Sector storage: sector_index 4 subspace_index_bra 3 subspace_index_ket 3 entries 2550
  Input sector (raw labels): J 2 S 1 L 2 Lp 2 ipcut 61 dimension 119 mn 938.92 hw 20 ident 0
    After transposition to upper triangle: (Lp,L)=(2,2) flip 0
    Input sector properties: expected m.e. 7140 nmax 118 Nmax_bra 238 Nmax_ket 238
    Subspace labels: bra [ 2 1 2 0 0 ] (dimension 49) ket [ 2 1 2 0 0 ]  (dimension 49)
    Sector storage: sector_index 10 subspace_index_bra 8 subspace_index_ket 8 entries 2450
  Input sector (raw labels): J 1 S 0 L 1 Lp 1 ipcut 61 dimension 119 mn 938.92 hw 20 ident 0
    After transposition to upper triangle: (Lp,L)=(1,1) flip 0
    Input sector properties: expected m.e. 7140 nmax 118 Nmax_bra 237 Nmax_ket 237
    Subspace labels: bra [ 1 0 1 0 1 ] (dimension 50) ket [ 1 0 1 0 1 ]  (dimension 50)
    Sector storage: sector_index 3 subspace_index_bra 2 subspace_index_ket 2 entries 2550
  Input sector (raw labels): J 2 S 0 L 2 Lp 2 ipcut 61 dimension 119 mn 938.92 hw 20 ident 0
    After transposition to upper triangle: (Lp,L)=(2,2) flip 0
    Input sector properties: expected m.e. 7140 nmax 118 Nmax_bra 238 Nmax_ket 238
    Subspace labels: bra [ 2 0 2 1 0 ] (dimension 49) ket [ 2 0 2 1 0 ]  (dimension 49)
    Sector storage: sector_index 8 subspace_index_bra 6 subspace_index_ket 6 entries 2450
  Input sector (raw labels): J 4 S 1 L 4 Lp 4 ipcut 61 dimension 118 mn 938.92 hw 20 ident 0
    After transposition to upper triangle: (Lp,L)=(4,4) flip 0
    Input sector properties: expected m.e. 7021 nmax 117 Nmax_bra 238 Nmax_ket 238
    Subspace labels: bra [ 4 1 4 0 0 ] (dimension 48) ket [ 4 1 4 0 0 ]  (dimension 48)
    Sector storage: sector_index 20 subspace_index_bra 16 subspace_index_ket 16 entries 2352
  Input sector (raw labels): J 4 S 0 L 4 Lp 4 ipcut 61 dimension 118 mn 938.92 hw 20 ident 0
    After transposition to upper triangle: (Lp,L)=(4,4) flip 0
    Input sector properties: expected m.e. 7021 nmax 117 Nmax_bra 238 Nmax_ket 238
    Subspace labels: bra [ 4 0 4 1 0 ] (dimension 48) ket [ 4 0 4 1 0 ]  (dimension 48)
    Sector storage: sector_index 18 subspace_index_bra 14 subspace_index_ket 14 entries 2352
  Input sector (raw labels): J 4 S 1 L 3 Lp 3 ipcut 61 dimension 118 mn 938.92 hw 20 ident 0
    After transposition to upper triangle: (Lp,L)=(3,3) flip 0
    Input sector properties: expected m.e. 7021 nmax 117 Nmax_bra 237 Nmax_ket 237
    Subspace labels: bra [ 3 1 4 1 1 ] (dimension 49) ket [ 3 1 4 1 1 ]  (dimension 49)
    Sector storage: sector_index 16 subspace_index_bra 13 subspace_index_ket 13 entries 2450
  Input sector (raw labels): J 4 S 1 L 3 Lp 5 ipcut 61 dimension 118 mn 938.92 hw 20 ident 0
    After transposition to upper triangle: (Lp,L)=(3,5) flip 1
    Input sector properties: expected m.e. 7021 nmax 117 Nmax_bra 237 Nmax_ket 239
    Subspace labels: bra [ 3 1 4 1 1 ] (dimension 49) ket [ 5 1 4 1 1 ]  (dimension 48)
    Sector storage: sector_index 17 subspace_index_bra 13 subspace_index_ket 19 entries 2352
  Input sector (raw labels): J 4 S 1 L 5 Lp 3 ipcut 61 dimension 118 mn 938.92 hw 20 ident 0
    After transposition to upper triangle: (Lp,L)=(3,5) flip 0
    Input sector properties: expected m.e. 7021 nmax 117 Nmax_bra 237 Nmax_ket 239
    Subspace labels: bra [ 3 1 4 1 1 ] (dimension 49) ket [ 5 1 4 1 1 ]  (dimension 48)
    Sector storage: sector_index 17 subspace_index_bra 13 subspace_index_ket 19 entries 2352
  Input sector (raw labels): J 4 S 1 L 5 Lp 5 ipcut 61 dimension 118 mn 938.92 hw 20 ident 0
    After transposition to upper triangle: (Lp,L)=(5,5) flip 0
    Input sector properties: expected m.e. 7021 nmax 117 Nmax_bra 239 Nmax_ket 239
    Subspace labels: bra [ 5 1 4 1 1 ] (dimension 48) ket [ 5 1 4 1 1 ]  (dimension 48)
    Sector storage: sector_index 24 subspace_index_bra 19 subspace_index_ket 19 entries 2352
  Reached termination marker.
