Parameters
    n_v 15 n_lan 500
    memory/node (GB) 64.000
    core/node 24
    memory/core (GB) 2.667
    size range (GB) 0.667..2.667

Z 4 N 5 Nmax  8 Mj 0.5 

  depth 1
     n_d    n_p   n_n  m1 (GB)  m2 (GB)   m (GB)    m (%)
    ---- ------ -----  -------  -------  -------  -------
      25    325    14    1.404    0.803    1.404     52.6
      35    630    27    0.724    0.470    0.724     27.2

  depth 6
     n_d    n_p   n_n  m1 (GB)  m2 (GB)   m (GB)    m (%)
    ---- ------ -----  -------  -------  -------  -------
       9     45    12    1.689    0.758    1.689     63.4
      11     66    17    1.152    0.534    1.152     43.2
      13     91    23    0.835    0.401    0.835     31.3

Z 4 N 5 Nmax  9 Mj 0.5 

  depth 1
     n_d    n_p   n_n  m1 (GB)  m2 (GB)   m (GB)    m (%)
    ---- ------ -----  -------  -------  -------  -------
      45   1035    44    1.657    1.139    1.657     62.1
      55   1540    65    1.114    0.837    1.114     41.8
      65   2145    90    0.800    0.652    0.800     30.0

  depth 6
     n_d    n_p   n_n  m1 (GB)  m2 (GB)   m (GB)    m (%)
    ---- ------ -----  -------  -------  -------  -------
      15    120    30    2.382    1.181    2.382     89.3
      17    153    39    1.868    0.950    1.868     70.1
      19    190    48    1.505    0.784    1.505     56.4
      21    231    58    1.238    0.661    1.238     46.4
      23    276    69    1.036    0.566    1.036     38.8
      25    325    82    0.880    0.492    0.880     33.0
      27    378    95    0.756    0.433    0.756     28.4

Z 4 N 5 Nmax 10 Mj 0.5 

  depth 1
     n_d    n_p   n_n  m1 (GB)  m2 (GB)   m (GB)    m (%)
    ---- ------ -----  -------  -------  -------  -------
      75   2850   119    2.123    1.730    2.123     79.6
      85   3655   153    1.655    1.437    1.655     62.1
      95   4560   190    1.327    1.222    1.327     49.8
     105   5565   232    1.087    1.059    1.087     40.8
     115   6670   278    0.907    0.932    0.932     34.9
     125   7875   329    0.768    0.830    0.830     31.1
     135   9180   383    0.659    0.747    0.747     28.0
     145  10585   442    0.572    0.678    0.678     25.4

  depth 6
     n_d    n_p   n_n  m1 (GB)  m2 (GB)   m (GB)    m (%)
    ---- ------ -----  -------  -------  -------  -------
      29    435   109    2.318    1.323    2.318     86.9
      31    496   124    2.033    1.182    2.033     76.2
      33    561   141    1.797    1.064    1.797     67.4
      35    630   158    1.600    0.965    1.600     60.0
      37    703   176    1.434    0.880    1.434     53.8
      39    780   195    1.293    0.806    1.293     48.5
      41    861   216    1.171    0.743    1.171     43.9
      43    946   237    1.066    0.688    1.066     40.0
      45   1035   259    0.974    0.639    0.974     36.5
      47   1128   282    0.894    0.596    0.894     33.5
      49   1225   307    0.823    0.557    0.823     30.9
      51   1326   332    0.760    0.523    0.760     28.5
      53   1431   358    0.705    0.492    0.705     26.4

Z 4 N 5 Nmax 11 Mj 0.5 

  depth 1
     n_d    n_p   n_n  m1 (GB)  m2 (GB)   m (GB)    m (%)
    ---- ------ -----  -------  -------  -------  -------
     125   7875   329    2.558    2.518    2.558     95.9
     135   9180   383    2.195    2.257    2.257     84.7
     145  10585   442    1.903    2.042    2.042     76.6
     155  12090   504    1.666    1.862    1.862     69.8
     175  15400   642    1.308    1.577    1.577     59.2
     195  19110   797    1.054    1.365    1.365     51.2
     215  23220   968    0.868    1.200    1.200     45.0
     235  27730  1156    0.727    1.069    1.069     40.1
     255  32640  1360    0.617    0.963    0.963     36.1
     275  37950  1582    0.531    0.875    0.875     32.8
     295  43660  1820    0.461    0.802    0.802     30.1
     315  49770  2074    0.405    0.739    0.739     27.7
     335  56280  2345    0.358    0.685    0.685     25.7

  depth 6
     n_d    n_p   n_n  m1 (GB)  m2 (GB)   m (GB)    m (%)
    ---- ------ -----  -------  -------  -------  -------
      51   1326   332    2.532    1.662    2.532     95.0
      53   1431   358    2.346    1.561    2.346     88.0
      55   1540   385    2.180    1.470    2.180     81.8
      57   1653   414    2.031    1.388    2.031     76.2
      59   1770   443    1.897    1.313    1.897     71.1
      61   1891   473    1.776    1.244    1.776     66.6
      63   2016   504    1.666    1.182    1.666     62.5
      65   2145   537    1.565    1.125    1.565     58.7
      67   2278   570    1.474    1.072    1.474     55.3
      69   2415   604    1.390    1.024    1.390     52.1
      71   2556   639    1.314    0.979    1.314     49.3
      73   2701   676    1.243    0.937    1.243     46.6
      75   2850   713    1.178    0.899    1.178     44.2
      77   3003   751    1.118    0.863    1.118     41.9
      79   3160   790    1.063    0.829    1.063     39.8
      81   3321   831    1.011    0.798    1.011     37.9
      83   3486   872    0.963    0.769    0.963     36.1
      85   3655   914    0.919    0.741    0.919     34.5
      87   3828   957    0.877    0.716    0.877     32.9
      89   4005  1002    0.838    0.692    0.838     31.4
      91   4186  1047    0.802    0.669    0.802     30.1
      93   4371  1093    0.768    0.647    0.768     28.8
      95   4560  1140    0.736    0.627    0.736     27.6
      97   4753  1189    0.706    0.608    0.706     26.5
      99   4950  1238    0.678    0.590    0.678     25.4

Z 4 N 5 Nmax 12 Mj 0.5 

  depth 1
     n_d    n_p   n_n  m1 (GB)  m2 (GB)   m (GB)    m (%)
    ---- ------ -----  -------  -------  -------  -------
     275  37950  1582    1.678    2.455    2.455     92.1
     295  43660  1820    1.459    2.242    2.242     84.1
     315  49770  2074    1.280    2.062    2.062     77.3
     335  56280  2345    1.132    1.908    1.908     71.5
     355  63190  2633    1.008    1.774    1.774     66.5
     375  70500  2938    0.903    1.657    1.657     62.1
     395  78210  3259    0.814    1.554    1.554     58.3
     415  86320  3597    0.738    1.463    1.463     54.9
     435  94830  3952    0.672    1.382    1.382     51.8
     455 103740  4323    0.614    1.308    1.308     49.1
     475 113050  4711    0.563    1.243    1.243     46.6
     495 122760  5115    0.519    1.183    1.183     44.4
     515 132870  5537    0.479    1.128    1.128     42.3
     535 143380  5975    0.444    1.079    1.079     40.5
     555 154290  6429    0.413    1.033    1.033     38.7
     575 165600  6900    0.385    0.991    0.991     37.2
     595 177310  7388    0.359    0.952    0.952     35.7
     615 189420  7893    0.336    0.916    0.916     34.4
     635 201930  8414    0.315    0.883    0.883     33.1
     655 214840  8952    0.296    0.852    0.852     31.9
     675 228150  9507    0.279    0.823    0.823     30.9
     695 241860 10078    0.263    0.796    0.796     29.8
     715 255970 10666    0.249    0.771    0.771     28.9
     735 270480 11270    0.235    0.747    0.747     28.0
     755 285390 11892    0.223    0.724    0.724     27.2
     775 300700 12530    0.212    0.703    0.703     26.4
     795 316410 13184    0.201    0.683    0.683     25.6

  depth 6
     n_d    n_p   n_n  m1 (GB)  m2 (GB)   m (GB)    m (%)
    ---- ------ -----  -------  -------  -------  -------
      89   4005  1002    2.651    2.047    2.651     99.4
      91   4186  1047    2.536    1.977    2.536     95.1
      93   4371  1093    2.429    1.912    2.429     91.1
      95   4560  1140    2.328    1.850    2.328     87.3
      97   4753  1189    2.233    1.791    2.233     83.8
      99   4950  1238    2.145    1.736    2.145     80.4
     101   5151  1288    2.061    1.683    2.061     77.3
     103   5356  1339    1.982    1.634    1.982     74.3
     105   5565  1392    1.908    1.586    1.908     71.5
     107   5778  1445    1.837    1.542    1.837     68.9
     109   5995  1499    1.771    1.499    1.771     66.4
     111   6216  1554    1.708    1.458    1.708     64.0
     113   6441  1611    1.648    1.420    1.648     61.8
     115   6670  1668    1.592    1.383    1.592     59.7
     117   6903  1726    1.538    1.347    1.538     57.7
     119   7140  1785    1.487    1.314    1.487     55.8
     121   7381  1846    1.438    1.282    1.438     53.9
     123   7626  1907    1.392    1.251    1.392     52.2
     125   7875  1969    1.348    1.221    1.348     50.5
     127   8128  2032    1.306    1.193    1.306     49.0
     129   8385  2097    1.266    1.166    1.266     47.5
     131   8646  2162    1.228    1.140    1.228     46.0
     133   8911  2228    1.191    1.115    1.191     44.7
     135   9180  2295    1.156    1.091    1.156     43.4
     137   9453  2364    1.123    1.067    1.123     42.1
     139   9730  2433    1.091    1.045    1.091     40.9
     141  10011  2503    1.060    1.024    1.060     39.8
     143  10296  2574    1.031    1.003    1.031     38.7
     145  10585  2647    1.003    0.983    1.003     37.6
     147  10878  2720    0.976    0.964    0.976     36.6
     149  11175  2794    0.950    0.945    0.950     35.6
     151  11476  2869    0.925    0.927    0.927     34.8
     153  11781  2946    0.901    0.910    0.910     34.1
     155  12090  3023    0.878    0.893    0.893     33.5
     163  13366  3342    0.794    0.832    0.832     31.2
     171  14706  3677    0.722    0.777    0.777     29.1
     179  16110  4028    0.659    0.729    0.729     27.3
     187  17578  4395    0.604    0.686    0.686     25.7

